\BOOKMARK [1][-]{section.1}{Objective}{}% 1
\BOOKMARK [1][-]{section.2}{Description}{}% 2
\BOOKMARK [2][-]{subsection.2.1}{Specification}{section.2}% 3
\BOOKMARK [3][-]{subsubsection.2.1.1}{Project phases}{subsection.2.1}% 4
\BOOKMARK [3][-]{subsubsection.2.1.2}{Network Structure}{subsection.2.1}% 5
\BOOKMARK [3][-]{subsubsection.2.1.3}{Back-propagation Algorithm}{subsection.2.1}% 6
\BOOKMARK [3][-]{subsubsection.2.1.4}{Training a series of Networks for the same dataset}{subsection.2.1}% 7
\BOOKMARK [2][-]{subsection.2.2}{Expected Results and Tests}{section.2}% 8
\BOOKMARK [1][-]{section.3}{Development}{}% 9
\BOOKMARK [1][-]{section.4}{Experiments}{}% 10
\BOOKMARK [2][-]{subsection.4.1}{The quitters}{section.4}% 11
\BOOKMARK [2][-]{subsection.4.2}{G1 and G2}{section.4}% 12
\BOOKMARK [2][-]{subsection.4.3}{Math}{section.4}% 13
\BOOKMARK [3][-]{subsubsection.4.3.1}{Default network}{subsection.4.3}% 14
\BOOKMARK [3][-]{subsubsection.4.3.2}{Meaningless inputs}{subsection.4.3}% 15
\BOOKMARK [3][-]{subsubsection.4.3.3}{The schools}{subsection.4.3}% 16
\BOOKMARK [3][-]{subsubsection.4.3.4}{Deprecated Inputs}{subsection.4.3}% 17
\BOOKMARK [3][-]{subsubsection.4.3.5}{Parameter Values}{subsection.4.3}% 18
\BOOKMARK [2][-]{subsection.4.4}{Portuguese}{section.4}% 19
\BOOKMARK [3][-]{subsubsection.4.4.1}{Parameter Values}{subsection.4.4}% 20
\BOOKMARK [3][-]{subsubsection.4.4.2}{Neural Net Structure}{subsection.4.4}% 21
\BOOKMARK [3][-]{subsubsection.4.4.3}{Deprecated Inputs}{subsection.4.4}% 22
\BOOKMARK [1][-]{section.5}{Conclusions}{}% 23
\BOOKMARK [1][-]{section.6}{Improvments}{}% 24
\BOOKMARK [1][-]{section.7}{Resources}{}% 25
\BOOKMARK [2][-]{subsection.7.1}{Bibliography}{section.7}% 26
\BOOKMARK [2][-]{subsection.7.2}{Software}{section.7}% 27
\BOOKMARK [1][-]{section.8}{Appendix}{}% 28
